# Task Board Logs

## System Information

- **Obsidian version**: 1.12.4
- **Installer version**: 1.9.14
- **Operating system**: Darwin Kernel Version 25.2.0: Tue Nov 18 21:09:56 PST 2025; root:xnu-12377.61.12~1/RELEASE_ARM64_T6041 25.2.0
- **Use [[Wikilinks]]**: true
- **Base color scheme**: light
- **Community theme**: none
- **Snippets enabled**: 0
- **Plugins installed**: 7
- **Plugins enabled**: 
  - Dataview v0.5.68
  - Linter v1.31.2
  - QuickAdd v2.12.0
  - Tasks v7.23.1
  - Templater v2.18.1
  - Git v2.38.0
  - Task Board v1.9.7

## Recent Bug Reports

Timestamp : 2026-03-10T10:18:16
ID : 145
Message : 
Context : undefined
Version : 1.9.7

#### Bug Content
```log
No need to worry if this is appearing on the fresh install.
Error: ENOENT: no such file or directory, open '/Users/vladnikulin/code/work/KatherLab/Project_scaffold/.obsidian/plugins/task-board/tasks.json'
```

-------------

Timestamp : 2026-03-10T10:18:23
ID : 131
Message : 
Context : undefined
Version : 1.9.7

#### Bug Content
```log
No need to worry about this bug, if its appearing on the fresh install.
Error: ENOENT: no such file or directory, open '/Users/vladnikulin/code/work/KatherLab/Project_scaffold/.obsidian/plugins/task-board/tasks.json'
```

-------------

Timestamp : 2026-03-10T10:18:43
ID : 142
Message : 
Context : DragDropTasksManager.ts/handleDropEvent
Version : 1.9.7

#### Bug Content
```log
No current drag data available for drop operation.currentDragData=null
```
